<?xml version="1.0" encoding="UTF-8"?>
<!-- Generated by org.testng.reporters.JUnitReportReporter -->
<testsuite skipped="0" hostname="YI1008636DT" name="LoginTest" tests="1" failures="0" timestamp="30 Nov 2018 10:12:53 GMT" time="26.004" errors="0">
  <testcase name="Test" time="26.004" classname="LoginTest"/>
</testsuite> <!-- LoginTest -->
