<?xml version="1.0" encoding="UTF-8"?>
<!-- Generated by org.testng.reporters.JUnitReportReporter -->
<testsuite skipped="0" hostname="YI1008636DT" name="TestNGSecond" tests="1" failures="0" timestamp="19 Nov 2018 13:43:34 GMT" time="0.006" errors="0">
  <testcase name="f" time="0.006" classname="TestNGSecond"/>
</testsuite> <!-- TestNGSecond -->
